<?xml version="1.0" encoding="UTF-8"?>
<!-- Generated by org.testng.reporters.JUnitReportReporter -->
<testsuite ignored="0" hostname="LAPTOP-S2GKFCVR" failures="0" tests="1" name="com.suyash.test.SampleTest" time="4.134" errors="0" timestamp="17 Feb 2022 04:08:32 GMT" skipped="0">
  <testcase classname="com.suyash.test.SampleTest" name="sampleMethodLogin" time="4.134"/>
</testsuite> <!-- com.suyash.test.SampleTest -->
